# Logfile created on 2016-05-26 19:10:08 -0300 by logger.rb/54362
I, [2016-05-26T19:10:08.842224 #15227]  INFO -- : 0:  i18n (0.7.0) from /Users/bonet/.rvm/gems/ruby-2.3.1/specifications/i18n-0.7.0.gemspec
I, [2016-05-26T19:10:08.842602 #15227]  INFO -- : 0:  json (1.8.3) from /Users/bonet/.rvm/rubies/ruby-2.3.1/lib/ruby/gems/2.3.0/specifications/default/json-1.8.3.gemspec
I, [2016-05-26T19:10:11.270235 #15227]  INFO -- : 0:  minitest (5.8.4) from /Users/bonet/.rvm/gems/ruby-2.3.1/specifications/minitest-5.8.4.gemspec
I, [2016-05-26T19:10:11.270748 #15227]  INFO -- : 0:  thread_safe (0.3.5) from /Users/bonet/.rvm/gems/ruby-2.3.1/specifications/thread_safe-0.3.5.gemspec
I, [2016-05-26T19:10:11.271393 #15227]  INFO -- : 0:  tzinfo (1.2.2) from /Users/bonet/.rvm/gems/ruby-2.3.1/specifications/tzinfo-1.2.2.gemspec
I, [2016-05-26T19:10:11.272105 #15227]  INFO -- : 0:  activesupport (4.2.6) from /Users/bonet/.rvm/gems/ruby-2.3.1/specifications/activesupport-4.2.6.gemspec
I, [2016-05-26T19:10:11.272535 #15227]  INFO -- : 0:  addressable (2.4.0) from /Users/bonet/.rvm/gems/ruby-2.3.1/specifications/addressable-2.4.0.gemspec
I, [2016-05-26T19:10:11.273237 #15227]  INFO -- : 0:  coffee-script-source (1.10.0) from /Users/bonet/.rvm/gems/ruby-2.3.1/specifications/coffee-script-source-1.10.0.gemspec
I, [2016-05-26T19:10:13.249541 #15227]  INFO -- : 0:  execjs (2.6.0) from /Users/bonet/.rvm/gems/ruby-2.3.1/specifications/execjs-2.6.0.gemspec
I, [2016-05-26T19:10:13.249958 #15227]  INFO -- : 0:  coffee-script (2.4.1) from /Users/bonet/.rvm/gems/ruby-2.3.1/specifications/coffee-script-2.4.1.gemspec
I, [2016-05-26T19:10:13.250345 #15227]  INFO -- : 0:  colorator (0.1) from /Users/bonet/.rvm/gems/ruby-2.3.1/specifications/colorator-0.1.gemspec
I, [2016-05-26T19:10:13.250707 #15227]  INFO -- : 0:  ffi (1.9.10) from /Users/bonet/.rvm/gems/ruby-2.3.1/specifications/ffi-1.9.10.gemspec
I, [2016-05-26T19:10:13.251058 #15227]  INFO -- : 0:  ethon (0.9.0) from /Users/bonet/.rvm/gems/ruby-2.3.1/specifications/ethon-0.9.0.gemspec
I, [2016-05-26T19:10:13.251385 #15227]  INFO -- : 0:  multipart-post (2.0.0) from /Users/bonet/.rvm/gems/ruby-2.3.1/specifications/multipart-post-2.0.0.gemspec
I, [2016-05-26T19:10:13.251765 #15227]  INFO -- : 0:  faraday (0.9.2) from /Users/bonet/.rvm/gems/ruby-2.3.1/specifications/faraday-0.9.2.gemspec
I, [2016-05-26T19:10:13.252031 #15227]  INFO -- : 0:  gemoji (2.1.0) from /Users/bonet/.rvm/gems/ruby-2.3.1/specifications/gemoji-2.1.0.gemspec
I, [2016-05-26T19:10:13.252373 #15227]  INFO -- : 0:  net-dns (0.8.0) from /Users/bonet/.rvm/gems/ruby-2.3.1/specifications/net-dns-0.8.0.gemspec
I, [2016-05-26T19:10:13.252851 #15227]  INFO -- : 0:  sawyer (0.7.0) from /Users/bonet/.rvm/gems/ruby-2.3.1/specifications/sawyer-0.7.0.gemspec
I, [2016-05-26T19:10:13.253335 #15227]  INFO -- : 0:  octokit (4.3.0) from /Users/bonet/.rvm/gems/ruby-2.3.1/specifications/octokit-4.3.0.gemspec
I, [2016-05-26T19:10:13.254119 #15227]  INFO -- : 0:  public_suffix (1.5.3) from /Users/bonet/.rvm/gems/ruby-2.3.1/specifications/public_suffix-1.5.3.gemspec
I, [2016-05-26T19:10:13.254664 #15227]  INFO -- : 0:  typhoeus (0.8.0) from /Users/bonet/.rvm/gems/ruby-2.3.1/specifications/typhoeus-0.8.0.gemspec
I, [2016-05-26T19:10:13.255199 #15227]  INFO -- : 0:  github-pages-health-check (1.1.0) from /Users/bonet/.rvm/gems/ruby-2.3.1/specifications/github-pages-health-check-1.1.0.gemspec
I, [2016-05-26T19:10:13.255524 #15227]  INFO -- : 0:  sass (3.4.22) from /Users/bonet/.rvm/gems/ruby-2.3.1/specifications/sass-3.4.22.gemspec
I, [2016-05-26T19:10:13.256030 #15227]  INFO -- : 0:  jekyll-sass-converter (1.3.0) from /Users/bonet/.rvm/gems/ruby-2.3.1/specifications/jekyll-sass-converter-1.3.0.gemspec
I, [2016-05-26T19:10:13.256664 #15227]  INFO -- : 0:  rb-fsevent (0.9.7) from /Users/bonet/.rvm/gems/ruby-2.3.1/specifications/rb-fsevent-0.9.7.gemspec
I, [2016-05-26T19:10:13.257149 #15227]  INFO -- : 0:  rb-inotify (0.9.7) from /Users/bonet/.rvm/gems/ruby-2.3.1/specifications/rb-inotify-0.9.7.gemspec
I, [2016-05-26T19:10:13.257616 #15227]  INFO -- : 0:  listen (3.0.6) from /Users/bonet/.rvm/gems/ruby-2.3.1/specifications/listen-3.0.6.gemspec
I, [2016-05-26T19:10:13.257980 #15227]  INFO -- : 0:  jekyll-watch (1.4.0) from /Users/bonet/.rvm/gems/ruby-2.3.1/specifications/jekyll-watch-1.4.0.gemspec
I, [2016-05-26T19:10:13.258522 #15227]  INFO -- : 0:  kramdown (1.10.0) from /Users/bonet/.rvm/gems/ruby-2.3.1/specifications/kramdown-1.10.0.gemspec
I, [2016-05-26T19:10:13.259032 #15227]  INFO -- : 0:  liquid (3.0.6) from /Users/bonet/.rvm/gems/ruby-2.3.1/specifications/liquid-3.0.6.gemspec
I, [2016-05-26T19:10:13.259525 #15227]  INFO -- : 0:  mercenary (0.3.6) from /Users/bonet/.rvm/gems/ruby-2.3.1/specifications/mercenary-0.3.6.gemspec
I, [2016-05-26T19:10:13.260267 #15227]  INFO -- : 0:  rouge (1.10.1) from /Users/bonet/.rvm/gems/ruby-2.3.1/specifications/rouge-1.10.1.gemspec
I, [2016-05-26T19:10:13.260910 #15227]  INFO -- : 0:  safe_yaml (1.0.4) from /Users/bonet/.rvm/gems/ruby-2.3.1/specifications/safe_yaml-1.0.4.gemspec
I, [2016-05-26T19:10:15.575864 #15227]  INFO -- : 0:  jekyll (3.0.5) from /Users/bonet/.rvm/gems/ruby-2.3.1/specifications/jekyll-3.0.5.gemspec
I, [2016-05-26T19:10:15.576334 #15227]  INFO -- : 0:  jekyll-coffeescript (1.0.1) from /Users/bonet/.rvm/gems/ruby-2.3.1/specifications/jekyll-coffeescript-1.0.1.gemspec
I, [2016-05-26T19:10:15.576946 #15227]  INFO -- : 0:  jekyll-feed (0.5.1) from /Users/bonet/.rvm/gems/ruby-2.3.1/specifications/jekyll-feed-0.5.1.gemspec
I, [2016-05-26T19:10:15.577433 #15227]  INFO -- : 0:  jekyll-gist (1.4.0) from /Users/bonet/.rvm/gems/ruby-2.3.1/specifications/jekyll-gist-1.4.0.gemspec
I, [2016-05-26T19:10:15.577938 #15227]  INFO -- : 0:  jekyll-github-metadata (1.11.1) from /Users/bonet/.rvm/gems/ruby-2.3.1/specifications/jekyll-github-metadata-1.11.1.gemspec
I, [2016-05-26T19:10:15.578244 #15227]  INFO -- : 0:  mini_portile2 (2.0.0) from /Users/bonet/.rvm/gems/ruby-2.3.1/specifications/mini_portile2-2.0.0.gemspec
I, [2016-05-26T19:10:15.578695 #15227]  INFO -- : 0:  nokogiri (1.6.7.2) from /Users/bonet/.rvm/gems/ruby-2.3.1/specifications/nokogiri-1.6.7.2.gemspec
I, [2016-05-26T19:10:15.579157 #15227]  INFO -- : 0:  html-pipeline (2.4.1) from /Users/bonet/.rvm/gems/ruby-2.3.1/specifications/html-pipeline-2.4.1.gemspec
I, [2016-05-26T19:10:15.579600 #15227]  INFO -- : 0:  jekyll-mentions (1.1.2) from /Users/bonet/.rvm/gems/ruby-2.3.1/specifications/jekyll-mentions-1.1.2.gemspec
I, [2016-05-26T19:10:15.579956 #15227]  INFO -- : 0:  jekyll-paginate (1.1.0) from /Users/bonet/.rvm/gems/ruby-2.3.1/specifications/jekyll-paginate-1.1.0.gemspec
I, [2016-05-26T19:10:15.580390 #15227]  INFO -- : 0:  jekyll-redirect-from (0.10.0) from /Users/bonet/.rvm/gems/ruby-2.3.1/specifications/jekyll-redirect-from-0.10.0.gemspec
I, [2016-05-26T19:10:15.580815 #15227]  INFO -- : 0:  jekyll-seo-tag (1.4.0) from /Users/bonet/.rvm/gems/ruby-2.3.1/specifications/jekyll-seo-tag-1.4.0.gemspec
I, [2016-05-26T19:10:15.581243 #15227]  INFO -- : 0:  jekyll-sitemap (0.10.0) from /Users/bonet/.rvm/gems/ruby-2.3.1/specifications/jekyll-sitemap-0.10.0.gemspec
I, [2016-05-26T19:10:15.581741 #15227]  INFO -- : 0:  jemoji (0.6.2) from /Users/bonet/.rvm/gems/ruby-2.3.1/specifications/jemoji-0.6.2.gemspec
I, [2016-05-26T19:10:15.582370 #15227]  INFO -- : 0:  terminal-table (1.5.2) from /Users/bonet/.rvm/gems/ruby-2.3.1/specifications/terminal-table-1.5.2.gemspec
I, [2016-05-26T19:10:17.340968 #15227]  INFO -- : 0:  github-pages (78) from /Users/bonet/.rvm/gems/ruby-2.3.1/specifications/github-pages-78.gemspec
I, [2016-05-26T19:10:49.034081 #15227]  INFO -- : 0:  libv8 (3.16.14.15) from /Users/bonet/.rvm/gems/ruby-2.3.1/specifications/libv8-3.16.14.15-x86_64-darwin-15.gemspec
I, [2016-05-26T19:10:51.289469 #15227]  INFO -- : 0:  ref (2.0.0) from /Users/bonet/.rvm/gems/ruby-2.3.1/specifications/ref-2.0.0.gemspec
I, [2016-05-26T19:11:54.903493 #15227]  INFO -- : 0:  therubyracer (0.12.2) from /Users/bonet/.rvm/gems/ruby-2.3.1/specifications/therubyracer-0.12.2.gemspec
I, [2016-05-26T19:11:54.920189 #15227]  INFO -- : 0:  bundler (1.5.1) from /Users/bonet/.rvm/gems/ruby-2.3.1/specifications/bundler-1.5.1.gemspec
